<?xml version="1.0" encoding="UTF-8"?>
<testsuites>
  <testsuite name="" tests="2" assertions="4" errors="0" warnings="0" failures="0" skipped="0" time="0.016625">
    <testsuite name="Test Unit Assertion 1" tests="1" assertions="2" errors="0" warnings="0" failures="0" skipped="0" time="0.011623">
      <testsuite name="Maintest" file="O:\xampp\htdocs\Jmeter_\Page_login\tests\Maintest.php" tests="1" assertions="2" errors="0" warnings="0" failures="0" skipped="0" time="0.011623">
        <testcase name="test" class="Maintest" classname="Maintest" file="O:\xampp\htdocs\Jmeter_\Page_login\tests\Maintest.php" line="6" assertions="2" time="0.011623">
          <system-out>\[*****] The begining of testing Prod.php class
new product has been created: namme :P1 | QT: 5

-&gt;the quantiy of the prd has been increased to [ 10 ] | Quantity added: 5 ProductN: P1
[**] AssertingEquals : 
*Qt retournée est :10
-&gt;the quantiy of the prd has been increased to [ 11 ] | Quantity added: 1 ProductN: P1

[**]  AssertingEquals : 
[**] Qt retournée est :11
[*****] The end of testing Prod.php class

</system-out>
        </testcase>
      </testsuite>
    </testsuite>
    <testsuite name="Test Unit Assertion 2" tests="1" assertions="2" errors="0" warnings="0" failures="0" skipped="0" time="0.005001">
      <testsuite name="TestUser" file="O:\xampp\htdocs\Jmeter_\Page_login\tests\TestUser.php" tests="1" assertions="2" errors="0" warnings="0" failures="0" skipped="0" time="0.005001">
        <testcase name="test" class="TestUser" classname="TestUser" file="O:\xampp\htdocs\Jmeter_\Page_login\tests\TestUser.php" line="7" assertions="2" time="0.005001">
          <system-out>
[*****] The begining of testing User.php class
[**] new user has been created
[**] Oussez just added a new friend
[*****] The end of testing User.php class</system-out>
        </testcase>
      </testsuite>
    </testsuite>
  </testsuite>
</testsuites>
