<?xml version="1.0" encoding="UTF-8"?>
<testsuites>
  <testsuite name="" tests="1" assertions="2" errors="0" warnings="0" failures="0" skipped="0" time="0.010080">
    <testsuite name="Test Unit Assertion 1" tests="1" assertions="2" errors="0" warnings="0" failures="0" skipped="0" time="0.010080">
      <testsuite name="Maintest" file="O:\xampp\htdocs\Jmeter_\Page_login\tests\Maintest.php" tests="1" assertions="2" errors="0" warnings="0" failures="0" skipped="0" time="0.010080">
        <testcase name="test" class="Maintest" classname="Maintest" file="O:\xampp\htdocs\Jmeter_\Page_login\tests\Maintest.php" line="8" assertions="2" time="0.010080">
          <system-out>
new product has been created: namme :P1 | QT: 5

-&gt;the quantiy of the prd has been increased to [ 10 ] | 5 - P1
*1* AssertingEquals : 
*Qt retournée est :10
-&gt;the quantiy of the prd has been increased to [ 11 ] | 1 - P1

*2* AssertingEquals : 
*Qt retournée est :11</system-out>
        </testcase>
      </testsuite>
    </testsuite>
  </testsuite>
</testsuites>
